<?xml version="1.0" encoding="UTF-8"?>
<testng-results skipped="0" failed="0" total="3" passed="3">
  <reporter-output>
  </reporter-output>
  <suite name="Suite" duration-ms="11512" started-at="2022-04-29T10:52:26Z" finished-at="2022-04-29T10:52:38Z">
    <groups>
    </groups>
    <test name="Test" duration-ms="11512" started-at="2022-04-29T10:52:26Z" finished-at="2022-04-29T10:52:38Z">
      <class name="Business.Gmail">
        <test-method status="PASS" signature="gmail()[pri:0, instance:Business.Gmail@204f30ec]" name="gmail" duration-ms="3144" started-at="2022-04-29T16:22:30Z" finished-at="2022-04-29T16:22:33Z">
          <reporter-output>
          </reporter-output>
        </test-method> <!-- gmail -->
      </class> <!-- Business.Gmail -->
      <class name="Business.fp">
        <test-method status="PASS" signature="flipkart()[pri:0, instance:Business.fp@e25b2fe]" name="flipkart" duration-ms="4464" started-at="2022-04-29T16:22:33Z" finished-at="2022-04-29T16:22:38Z">
          <reporter-output>
          </reporter-output>
        </test-method> <!-- flipkart -->
      </class> <!-- Business.fp -->
      <class name="Business.fb">
        <test-method status="PASS" signature="openBrowse(java.lang.String)[pri:0, instance:Business.fb@77cd7a0]" name="openBrowse" is-config="true" duration-ms="3124" started-at="2022-04-29T16:22:23Z" finished-at="2022-04-29T16:22:26Z">
          <params>
            <param index="0">
              <value>
                <![CDATA[chrome]]>
              </value>
            </param>
          </params>
          <reporter-output>
          </reporter-output>
        </test-method> <!-- openBrowse -->
        <test-method status="PASS" signature="facebook()[pri:0, instance:Business.fb@77cd7a0]" name="facebook" duration-ms="3884" started-at="2022-04-29T16:22:26Z" finished-at="2022-04-29T16:22:30Z">
          <reporter-output>
          </reporter-output>
        </test-method> <!-- facebook -->
        <test-method status="PASS" signature="closebrowser()[pri:0, instance:Business.fb@77cd7a0]" name="closebrowser" is-config="true" duration-ms="205" started-at="2022-04-29T16:22:38Z" finished-at="2022-04-29T16:22:38Z">
          <reporter-output>
          </reporter-output>
        </test-method> <!-- closebrowser -->
      </class> <!-- Business.fb -->
    </test> <!-- Test -->
  </suite> <!-- Suite -->
</testng-results>
